time: 0.000456 :read 3 elem from file /root/cube-1.3/proc/main/base_define/namelist.json!
time: 0.000604 :read 4 elem from file /root/cube-1.3/proc/main/base_define/dispatchnamelist.json!
time: 0.000678 :read 1 elem from file /root/cube-1.3/proc/main/base_define/typelist.json!
time: 0.000951 :read 7 elem from file /root/cube-1.3/proc/main/base_define/subtypelist.json!
time: 0.001030 :read 1 elem from file /root/cube-1.3/proc/main/base_define/baseflag.json!
time: 0.001311 :read 3 elem from file /root/cube-1.3/proc/main/base_define/memdb.json!
time: 0.002109 :read 7 elem from file /root/cube-1.3/proc/main/base_define/msghead.json!
time: 0.002431 :read 2 elem from file /root/cube-1.3/proc/main/base_define/msgrecord.json!
time: 0.003149 :read 10 elem from file /root/cube-1.3/proc/main/base_define/base_msg.json!
time: 0.003701 :read 8 elem from file /root/cube-1.3/proc/main/base_define/return.json!
time: 0.004071 :read 3 elem from file /root/cube-1.3/proc/main/base_define/dispatchrecord.json!
time: 0.004237 :read 2 elem from file /root/cube-1.3/proc/main/base_define/exmoduledefine.json!
time: 0.004389 :read 1 elem from file /root/cube-1.3/proc/main/base_define/sys_conn.json!
time: 0.005130 :read 9 elem from file user_define.json!
time: 0.005450 :read 5 elem from file record_define.json!
time: 0.013416 :this machine's local uuid is 88b739e9b7c49707cd4bcf9f7f8ef58ef413d49f175f2d55b1a625cf9463ea79

time: 0.018864 :read 1 connector!

time: 0.019067 :read 2 policy from router_policy file!
time: 0.019110 :system plugin router_proc is prepared!
time: 0.024412 :system plugin connector_proc is prepared!
time: 0.024557 :ex_module connector_proc started successfully!
time: 0.024588 :ex_module router_proc started successfully!
time: 0.024619 :ex_module msg_send started successfully!
time: 0.024642 :ex_module print started successfully!
time: 0.024648 :instance load 4 module!

time: 0.024701 :client user_client connect succeed!

time: 0.024722 :begin msgfile_send module!

time: 0.029926 :proc conn client receive 269 data!

time: 0.030057 :send 324 data to conn user_client!

time: 0.030070 :client user_client send 324 ack data to server !

time: 0.034884 :router get proc connector_proc's message 
time: 2.027568 :router get proc msg_send's message 
time: 2.027652 :new msg match path login's policy
time: 2.027785 :send message to conn process!
time: 2.032607 :send 284 data to conn user_client!

time: 2.032649 :send (12800  1)message 284 to conn user_client!

time: 2.058479 :proc conn client receive 200 data!

time: 2.063785 :router get proc connector_proc's message 
time: 2.063842 :remote msg match path login's policy
time: 2.069028 :router get proc print's message 
time: 3.029320 :router get proc msg_send's message 
time: 3.029397 :new msg match path record's policy
time: 3.029493 :send message to conn process!
time: 3.033561 :send 216 data to conn user_client!

time: 3.033592 :send (12816  3)message 216 to conn user_client!

time: 4.026494 :router get proc msg_send's message 
time: 4.026537 :new msg match path record's policy
time: 4.026623 :send message to conn process!
time: 4.031541 :send 184 data to conn user_client!

time: 4.031582 :send (12816  2)message 184 to conn user_client!

