time: 0.000357 :read 3 elem from file /root/cube-1.3/proc/main/base_define/namelist.json!
time: 0.000471 :read 4 elem from file /root/cube-1.3/proc/main/base_define/dispatchnamelist.json!
time: 0.000526 :read 1 elem from file /root/cube-1.3/proc/main/base_define/typelist.json!
time: 0.000725 :read 7 elem from file /root/cube-1.3/proc/main/base_define/subtypelist.json!
time: 0.000781 :read 1 elem from file /root/cube-1.3/proc/main/base_define/baseflag.json!
time: 0.001001 :read 3 elem from file /root/cube-1.3/proc/main/base_define/memdb.json!
time: 0.001651 :read 7 elem from file /root/cube-1.3/proc/main/base_define/msghead.json!
time: 0.001960 :read 2 elem from file /root/cube-1.3/proc/main/base_define/msgrecord.json!
time: 0.002623 :read 10 elem from file /root/cube-1.3/proc/main/base_define/base_msg.json!
time: 0.003160 :read 8 elem from file /root/cube-1.3/proc/main/base_define/return.json!
time: 0.003480 :read 3 elem from file /root/cube-1.3/proc/main/base_define/dispatchrecord.json!
time: 0.003608 :read 2 elem from file /root/cube-1.3/proc/main/base_define/exmoduledefine.json!
time: 0.003746 :read 1 elem from file /root/cube-1.3/proc/main/base_define/sys_conn.json!
time: 0.004389 :read 9 elem from file user_define.json!
time: 0.012638 :this machine's local uuid is 88b739e9b7c49707cd4bcf9f7f8ef58ef413d49f175f2d55b1a625cf9463ea79

time: 0.018106 :read 1 connector!

time: 0.018314 :read 1 policy from router_policy file!
time: 0.018368 :system plugin router_proc is prepared!
time: 0.023719 :system plugin connector_proc is prepared!
time: 0.023965 :ex_module connector_proc started successfully!
time: 0.024013 :ex_module router_proc started successfully!
time: 0.024046 :ex_module msg_send started successfully!
time: 0.024079 :ex_module print started successfully!
time: 0.024086 :instance load 4 module!

uccessfully!time: 0.024086 :instance load 4 module!

time: 0.024145 :begin msgfile_send module!

time: 0.029335 :proc conn client receive 270 data!

time: 0.029499 :send 327 data to conn user_client!

time: 0.029508 :client user_client send 327 ack data to server !

time: 0.034358 :router get proc connector_proc's message 
time: 2.026505 :router get proc msg_send's message 
time: 2.026578 :new msg match path login's policy
time: 2.026679 :send message to conn process!
time: 2.028817 :send 284 data to conn user_client!

time: 2.028833 :send (12800  1)message 284 to conn user_client!

time: 2.059753 :proc conn client receive 200 data!

time: 2.062214 :router get proc connector_proc's message 
time: 2.062264 :remote msg match path login's policy
time: 2.067454 :router get proc print's message 
