time: 0.000333 :read 3 elem from file /root/cube-1.3/proc/main/base_define/namelist.json!
time: 0.000472 :read 4 elem from file /root/cube-1.3/proc/main/base_define/dispatchnamelist.json!
time: 0.000529 :read 1 elem from file /root/cube-1.3/proc/main/base_define/typelist.json!
time: 0.000721 :read 7 elem from file /root/cube-1.3/proc/main/base_define/subtypelist.json!
time: 0.000767 :read 1 elem from file /root/cube-1.3/proc/main/base_define/baseflag.json!
time: 0.000985 :read 3 elem from file /root/cube-1.3/proc/main/base_define/memdb.json!
time: 0.001581 :read 7 elem from file /root/cube-1.3/proc/main/base_define/msghead.json!
time: 0.001821 :read 2 elem from file /root/cube-1.3/proc/main/base_define/msgrecord.json!
time: 0.002314 :read 10 elem from file /root/cube-1.3/proc/main/base_define/base_msg.json!
time: 0.002751 :read 8 elem from file /root/cube-1.3/proc/main/base_define/return.json!
time: 0.002997 :read 3 elem from file /root/cube-1.3/proc/main/base_define/dispatchrecord.json!
time: 0.003123 :read 2 elem from file /root/cube-1.3/proc/main/base_define/exmoduledefine.json!
time: 0.003249 :read 1 elem from file /root/cube-1.3/proc/main/base_define/sys_conn.json!
time: 0.003841 :read 9 elem from file user_define.json!
time: 0.004096 :read 5 elem from file record_define.json!
time: 0.004301 :read 4 elem from file label_define.json!
time: 0.004389 :read 2 elem from file user.list!
time: 0.011920 :this machine's local uuid is 88b739e9b7c49707cd4bcf9f7f8ef58ef413d49f175f2d55b1a625cf9463ea79

time: 0.017429 :read 1 connector!

time: 0.017459 :conn server user_server begin to listen!

time: 0.017658 :read 3 policy from router_policy file!
time: 0.017819 :read 6 policy from aspect policy file!
time: 0.017840 :system plugin router_proc is prepared!
time: 0.023438 :system plugin connector_proc is prepared!
time: 0.023623 :ex_module connector_proc started successfully!
time: 0.023660 :ex_module router_proc started successfully!
time: 0.023686 :ex_module user_server started successfully!
time: 0.023717 :ex_module record_server started successfully!
time: 0.023740 :ex_module user_label started successfully!
time: 0.023773 :ex_module record_acl started successfully!
time: 0.023798 :ex_module login_store started successfully!
time: 0.023828 :ex_module recordlib started successfully!
time: 0.023832 :instance load 8 module!

time: 0.024073 :read 1 record from lib file lib/RECORD_DEFINE-RECORD.lib!

time: 0.024110 :read 1 lib files!

time: 1.030796 :create a new channel 180008c0!

time: 1.030981 :send 269 data to conn (null)!

time: 1.036692 :channel set name user!

time: 1.040619 :router get proc connector_proc's message 
time: 1.040706 :new msg match path addr_init's policy
time: 1.041093 :Add a new link, proc name user

time: 1.045990 :router get proc user_label's message 
time: 2.033317 :create a new channel 18002a00!

time: 2.033573 :send 270 data to conn (null)!

time: 2.039750 :channel set name user2!

time: 2.043135 :router get proc connector_proc's message 
time: 2.043211 :new msg match path addr_init's policy
time: 2.048273 :Add a new link, proc name user2

time: 2.048430 :router get proc user_label's message 
time: 3.037286 :channel receive (12800 1) message from conn user!

time: 3.037335 :client forward (12800 1) message to main proc!

time: 3.039563 :router get proc connector_proc's message 
time: 3.039625 :remote msg match path login's policy
time: 3.039749 :aspect message to path addr_label's policy
time: 3.044912 :router get proc user_label's message 
time: 3.050195 :router get proc user_server's message 
time: 3.050486 :aspect message to path addr_verify's policy
time: 3.055687 :router get proc user_label's message 
time: 3.055832 :send message to conn process!
time: 3.059281 :send 200 data to conn user!

time: 3.059321 :send (12800  4)message 200 to conn user!

time: 4.040113 :channel receive (12800 1) message from conn user2!

time: 4.040170 :client forward (12800 1) message to main proc!

time: 4.042120 :router get proc connector_proc's message 
time: 4.042175 :remote msg match path login's policy
time: 4.042310 :aspect message to path addr_label's policy
time: 4.045569 :channel receive (12816 3) message from conn user!

time: 4.045610 :client forward (12816 3) message to main proc!

time: 4.047442 :router get proc connector_proc's message 
time: 4.047478 :remote msg match path record's policy
time: 4.047486 :router get proc user_label's message 
time: 4.047597 :aspect message to path write_access's policy
time: 4.052795 :router get proc user_label's message 
