time: 0.000396 :read 3 elem from file /root/cube-1.3/proc/main/base_define/namelist.json!
time: 0.000512 :read 4 elem from file /root/cube-1.3/proc/main/base_define/dispatchnamelist.json!
time: 0.000585 :read 1 elem from file /root/cube-1.3/proc/main/base_define/typelist.json!
time: 0.000777 :read 7 elem from file /root/cube-1.3/proc/main/base_define/subtypelist.json!
time: 0.000823 :read 1 elem from file /root/cube-1.3/proc/main/base_define/baseflag.json!
time: 0.001048 :read 3 elem from file /root/cube-1.3/proc/main/base_define/memdb.json!
time: 0.001646 :read 7 elem from file /root/cube-1.3/proc/main/base_define/msghead.json!
time: 0.001884 :read 2 elem from file /root/cube-1.3/proc/main/base_define/msgrecord.json!
time: 0.002407 :read 10 elem from file /root/cube-1.3/proc/main/base_define/base_msg.json!
time: 0.002925 :read 8 elem from file /root/cube-1.3/proc/main/base_define/return.json!
time: 0.003192 :read 3 elem from file /root/cube-1.3/proc/main/base_define/dispatchrecord.json!
time: 0.003328 :read 2 elem from file /root/cube-1.3/proc/main/base_define/exmoduledefine.json!
time: 0.003446 :read 1 elem from file /root/cube-1.3/proc/main/base_define/sys_conn.json!
time: 0.004005 :read 9 elem from file user_define.json!
time: 0.011971 :this machine's local uuid is 88b739e9b7c49707cd4bcf9f7f8ef58ef413d49f175f2d55b1a625cf9463ea79

time: 0.017572 :read 1 connector!

time: 0.017768 :read 1 policy from router_policy file!
time: 0.017807 :system plugin router_proc is prepared!
time: 0.023211 :system plugin connector_proc is prepared!
time: 0.023381 :ex_module connector_proc started successfully!
time: 0.023411 :ex_module router_proc started successfully!
time: 0.023436 :ex_module msg_send started successfully!
time: 0.023460 :ex_module print started successfully!
time: 0.023466 :instance load 4 module!

time: 0.023493 :client user_client connect succeed!

time: 0.023521 :begin msgfile_send module!

time: 0.033972 :proc conn client receive 270 data!

time: 0.034112 :send 327 data to conn user_client!

time: 0.034122 :client user_client send 327 ack data to server !

time: 0.038917 :router get proc connector_proc's message 
time: 2.026904 :router get proc msg_send's message 
time: 2.026979 :new msg match path login's policy
time: 2.027102 :send message to conn process!
time: 2.030970 :send 285 data to conn user_client!

time: 2.031012 :send (12800  1)message 285 to conn user_client!

